2022-03-19 20:00:44.497  INFO 10732 --- [main] lavalink.server.Launcher                 : 

[32m       .  [31m _                  _ _       _    [32m__ _ _
[32m      /\\ [31m| | __ ___   ____ _| (_)_ __ | | __[32m\ \ \ \
[32m     ( ( )[31m| |/ _` \ \ / / _` | | | '_ \| |/ /[32m \ \ \ \
[32m      \\/ [31m| | (_| |\ V / (_| | | | | | |   < [32m  ) ) ) )
[32m       '  [31m|_|\__,_| \_/ \__,_|_|_|_| |_|_|\_\[32m / / / /
[0m    =========================================[32m/_/_/_/[0m

	Version:        3.4
	Build:          1257
	Build time:     26.10.2021 14:18:37 UTC
	Branch          master
	Commit:         a364833
	Commit time:    26.10.2021 14:15:20 UTC
	JVM:            11.0.13
	Lavaplayer      1.3.96-original

2022-03-19 20:00:44.594  INFO 10732 --- [main] lavalink.server.Launcher                 : Starting Launcher on DESKTOP-TI73UJA with PID 10732 (C:\Users\yuhi\Downloads\DEADSHOT-X-UPDATED-VERSION-2\Lavalink.jar started by yuhi in C:\Users\yuhi\Downloads\DEADSHOT-X-UPDATED-VERSION-2)
2022-03-19 20:00:44.596  INFO 10732 --- [main] lavalink.server.Launcher                 : No active profile set, falling back to default profiles: default
2022-03-19 20:00:44.598  WARN 10732 --- [background-preinit] o.s.h.c.j.Jackson2ObjectMapperBuilder    : For Jackson Kotlin classes support please add "com.fasterxml.jackson.module:jackson-module-kotlin" to the classpath
2022-03-19 20:00:46.476  WARN 10732 --- [main] io.undertow.websockets.jsr               : UT026010: Buffer pool was not set on WebSocketDeploymentInfo, the default pool will be used
2022-03-19 20:00:46.502  INFO 10732 --- [main] io.undertow.servlet                      : Initializing Spring embedded WebApplicationContext
2022-03-19 20:00:46.502  INFO 10732 --- [main] o.s.web.context.ContextLoader            : Root WebApplicationContext: initialization completed in 1842 ms
2022-03-19 20:00:46.839  WARN 10732 --- [main] l.server.config.SentryConfiguration      : Turning off sentry
2022-03-19 20:00:47.511  INFO 10732 --- [main] c.s.d.l.tools.GarbageCollectionMonitor   : GC monitoring enabled, reporting results every 2 minutes.
2022-03-19 20:00:47.717  INFO 10732 --- [main] lavalink.server.config.KoeConfiguration  : OS: Windows 10, Arch: amd64
2022-03-19 20:00:47.718  WARN 10732 --- [main] lavalink.server.config.KoeConfiguration  : This system and architecture appears to not support native audio sending! GC pauses may cause your bot to stutter during playback.
2022-03-19 20:00:47.960  INFO 10732 --- [main] o.s.s.concurrent.ThreadPoolTaskExecutor  : Initializing ExecutorService 'applicationTaskExecutor'
2022-03-19 20:00:48.349  INFO 10732 --- [main] org.xnio                                 : XNIO version 3.3.8.Final
2022-03-19 20:00:48.363  INFO 10732 --- [main] org.xnio.nio                             : XNIO NIO Implementation Version 3.3.8.Final
2022-03-19 20:00:48.424  INFO 10732 --- [main] o.s.b.w.e.u.UndertowServletWebServer     : Undertow started on port(s) 2333 (http) with context path ''
2022-03-19 20:00:48.441  INFO 10732 --- [main] lavalink.server.Launcher                 : Started Launcher in 5.02 seconds (JVM running for 7.228)
2022-03-19 20:00:48.444  INFO 10732 --- [main] lavalink.server.Launcher                 : You can safely ignore the big red warning about illegal reflection. See https://github.com/freyacodes/Lavalink/issues/295
